mode: set
github.com/Radio-Streaming-Server/servers/gateway/models/users/user.go:55.37,61.16 2 1
github.com/Radio-Streaming-Server/servers/gateway/models/users/user.go:65.2,65.26 1 1
github.com/Radio-Streaming-Server/servers/gateway/models/users/user.go:70.2,70.36 1 1
github.com/Radio-Streaming-Server/servers/gateway/models/users/user.go:75.2,75.65 1 1
github.com/Radio-Streaming-Server/servers/gateway/models/users/user.go:81.2,81.12 1 1
github.com/Radio-Streaming-Server/servers/gateway/models/users/user.go:61.16,63.3 1 1
github.com/Radio-Streaming-Server/servers/gateway/models/users/user.go:65.26,67.3 1 1
github.com/Radio-Streaming-Server/servers/gateway/models/users/user.go:70.36,72.3 1 1
github.com/Radio-Streaming-Server/servers/gateway/models/users/user.go:75.65,77.3 1 1
github.com/Radio-Streaming-Server/servers/gateway/models/users/user.go:86.44,91.16 2 1
github.com/Radio-Streaming-Server/servers/gateway/models/users/user.go:104.2,115.16 10 1
github.com/Radio-Streaming-Server/servers/gateway/models/users/user.go:119.2,127.16 4 1
github.com/Radio-Streaming-Server/servers/gateway/models/users/user.go:131.2,131.19 1 1
github.com/Radio-Streaming-Server/servers/gateway/models/users/user.go:91.16,93.3 1 0
github.com/Radio-Streaming-Server/servers/gateway/models/users/user.go:115.16,117.3 1 0
github.com/Radio-Streaming-Server/servers/gateway/models/users/user.go:127.16,129.3 1 0
github.com/Radio-Streaming-Server/servers/gateway/models/users/user.go:139.34,142.43 1 1
github.com/Radio-Streaming-Server/servers/gateway/models/users/user.go:150.2,150.39 1 1
github.com/Radio-Streaming-Server/servers/gateway/models/users/user.go:142.43,144.3 1 1
github.com/Radio-Streaming-Server/servers/gateway/models/users/user.go:144.3,144.30 1 1
github.com/Radio-Streaming-Server/servers/gateway/models/users/user.go:144.30,146.3 1 1
github.com/Radio-Streaming-Server/servers/gateway/models/users/user.go:146.3,146.29 1 1
github.com/Radio-Streaming-Server/servers/gateway/models/users/user.go:146.29,148.3 1 1
github.com/Radio-Streaming-Server/servers/gateway/models/users/user.go:154.51,159.16 2 1
github.com/Radio-Streaming-Server/servers/gateway/models/users/user.go:163.2,165.12 2 1
github.com/Radio-Streaming-Server/servers/gateway/models/users/user.go:159.16,161.3 1 0
github.com/Radio-Streaming-Server/servers/gateway/models/users/user.go:170.52,177.16 2 0
github.com/Radio-Streaming-Server/servers/gateway/models/users/user.go:181.2,181.12 1 0
github.com/Radio-Streaming-Server/servers/gateway/models/users/user.go:177.16,179.3 1 0
github.com/Radio-Streaming-Server/servers/gateway/models/users/user.go:186.53,194.2 3 1
